<?xml version="1.0" encoding="UTF-8"?>
<testng-results skipped="0" failed="0" ignored="0" total="1" passed="1">
  <reporter-output>
  </reporter-output>
  <suite name="Default suite" duration-ms="3586" started-at="2021-02-21T02:29:13Z" finished-at="2021-02-21T02:29:17Z">
    <groups>
    </groups>
    <test name="Default test" duration-ms="3586" started-at="2021-02-21T02:29:13Z" finished-at="2021-02-21T02:29:17Z">
      <class name="testsases.Tc01">
        <test-method status="PASS" signature="testCase()[pri:0, instance:testsases.Tc01@38c5cc4c]" name="testCase" duration-ms="3568" started-at="2021-02-21T07:59:13Z" finished-at="2021-02-21T07:59:17Z">
          <reporter-output>
          </reporter-output>
        </test-method> <!-- testCase -->
      </class> <!-- testsases.Tc01 -->
    </test> <!-- Default test -->
  </suite> <!-- Default suite -->
</testng-results>
