<?xml version="1.0" encoding="UTF-8"?>
<testng-results skipped="0" failed="0" ignored="0" total="1" passed="1">
  <reporter-output>
  </reporter-output>
  <suite name="Suite" duration-ms="3608" started-at="2021-02-22T16:49:47Z" finished-at="2021-02-22T16:49:50Z">
    <groups>
    </groups>
    <test name="Test" duration-ms="3608" started-at="2021-02-22T16:49:47Z" finished-at="2021-02-22T16:49:50Z">
      <class name="testsases.Tc01">
        <test-method status="PASS" signature="testCase()[pri:0, instance:testsases.Tc01@36c88a32]" name="testCase" duration-ms="3589" started-at="2021-02-22T22:19:47Z" finished-at="2021-02-22T22:19:50Z">
          <reporter-output>
          </reporter-output>
        </test-method> <!-- testCase -->
      </class> <!-- testsases.Tc01 -->
    </test> <!-- Test -->
  </suite> <!-- Suite -->
</testng-results>
